Build started 01/06/2020 16:25:30.
     1>Project "C:\ciswk-git\cis2001-apis-estacao-cef-2019-20\SP_PTR_Engworks_PMFDual\source\windows\SP_PTR_Engworks_PMFDual.vcxproj" on node 2 (build target(s)).
     1>InitializeBuildStatus:
         Creating "Release\SP_PTR_Engworks_PMFDual.unsuccessfulbuild" because "AlwaysCreate" was specified.
       ClCompile:
         C:\Program Files (x86)\Microsoft Visual Studio 10.0\VC\bin\CL.exe /c /I..\include /I..\common /I..\libs\pthread\include /I"..\..\..\..\libusb-1.0.9\source\libusb" /I"..\..\..\..\libusb-win32-bin-1.2.6.0\include" /I"C:\Program Files\Java\jdk1.8.0_131\include" /I"C:\Program Files\Java\jdk1.8.0_131\include\win32" /ZI /nologo /W3 /WX- /Od /Oy- /D _CRT_SECURE_NO_WARNINGS /D _CRT_NONSTDC_NO_WARNINGS /D WINDOWS /D LIBUSB10 /D _WINDLL /D _MBCS /Gm /EHsc /MD /GS /Gy /fp:precise /Zc:wchar_t /Zc:forScope /Fo"Release\\" /Fd"Release\vc100.pdb" /Gd /TP /wd4200 /analyze- /errorReport:prompt br_com_hst_ptr_SP_PTR_PR1000.cpp ..\source\CDeviceCommands.cpp ..\source\CEFTMFPTR.cpp ..\source\CObjectContainer.cpp "..\source\CUSBPrinterComm-01.cpp" "..\source\CUSBPrinterComm-10.cpp" ..\common\CBasicString.cpp ..\common\CBasicStringList.cpp ..\common\CBuffer.cpp ..\common\clogger.cpp ..\common\CMutex.cpp ..\common\CTimeUtils.cpp
         CTimeUtils.cpp
         CMutex.cpp
         clogger.cpp
     1>c:\ciswk-git\cis2001-apis-estacao-cef-2019-20\sp_ptr_engworks_pmfdual\source\common\cfileutils.h(327): error C2061: syntax error : identifier 'mode_t'
     1>c:\ciswk-git\cis2001-apis-estacao-cef-2019-20\sp_ptr_engworks_pmfdual\source\common\clogger.cpp(562): warning C4146: unary minus operator applied to unsigned type, result still unsigned
         CBuffer.cpp
         CBasicStringList.cpp
         CBasicString.cpp
         CUSBPrinterComm-10.cpp
     1>c:\ciswk-git\cis2001-apis-estacao-cef-2019-20\sp_ptr_engworks_pmfdual\source\include\cusbprintercomm-10.h(6): fatal error C1083: Cannot open include file: 'libusb.h': No such file or directory
         CUSBPrinterComm-01.cpp
         CObjectContainer.cpp
     1>c:\ciswk-git\cis2001-apis-estacao-cef-2019-20\sp_ptr_engworks_pmfdual\source\include\cusbprintercomm-10.h(6): fatal error C1083: Cannot open include file: 'libusb.h': No such file or directory
         CEFTMFPTR.cpp
     1>c:\ciswk-git\cis2001-apis-estacao-cef-2019-20\sp_ptr_engworks_pmfdual\source\include\cusbprintercomm-10.h(6): fatal error C1083: Cannot open include file: 'libusb.h': No such file or directory
         CDeviceCommands.cpp
     1>c:\ciswk-git\cis2001-apis-estacao-cef-2019-20\sp_ptr_engworks_pmfdual\source\include\cusbprintercomm-10.h(6): fatal error C1083: Cannot open include file: 'libusb.h': No such file or directory
         br_com_hst_ptr_SP_PTR_PR1000.cpp
     1>c1xx : fatal error C1083: Cannot open source file: 'br_com_hst_ptr_SP_PTR_PR1000.cpp': No such file or directory
         Generating Code...
     1>Done Building Project "C:\ciswk-git\cis2001-apis-estacao-cef-2019-20\SP_PTR_Engworks_PMFDual\source\windows\SP_PTR_Engworks_PMFDual.vcxproj" (build target(s)) -- FAILED.

Build FAILED.

Time Elapsed 00:00:03.14
